Arguments: 
  /Users/tinyhhj/.nvm/versions/node/v14.15.4/bin/node /usr/local/Cellar/yarn/1.22.4/libexec/bin/yarn.js add argsparse

PATH: 
  /Users/tinyhhj/.nvm/versions/node/v14.15.4/bin:/Library/Frameworks/Python.framework/Versions/3.6/bin:/usr/local/bin:/usr/bin:/bin:/usr/sbin:/sbin:/Applications/Wireshark.app/Contents/MacOS:/Users/tinyhhj/.nvm/versions/node/v14.15.4/bin:/Users/tinyhhj/opt/anaconda3/bin:/Users/tinyhhj/opt/anaconda3/condabin:/Library/Frameworks/Python.framework/Versions/3.6/bin:/opt/apache-maven/bin:/opt/apache-maven/bin

Yarn version: 
  1.22.4

Node version: 
  14.15.4

Platform: 
  darwin x64

Trace: 
  Error: https://registry.yarnpkg.com/argsparse: Not found
      at Request.params.callback [as _callback] (/usr/local/Cellar/yarn/1.22.4/libexec/lib/cli.js:66987:18)
      at Request.self.callback (/usr/local/Cellar/yarn/1.22.4/libexec/lib/cli.js:140748:22)
      at Request.emit (events.js:315:20)
      at Request.<anonymous> (/usr/local/Cellar/yarn/1.22.4/libexec/lib/cli.js:141720:10)
      at Request.emit (events.js:315:20)
      at IncomingMessage.<anonymous> (/usr/local/Cellar/yarn/1.22.4/libexec/lib/cli.js:141642:12)
      at Object.onceWrapper (events.js:421:28)
      at IncomingMessage.emit (events.js:327:22)
      at endReadableNT (internal/streams/readable.js:1327:12)
      at processTicksAndRejections (internal/process/task_queues.js:80:21)

npm manifest: 
  {
    "name": "test-vm",
    "version": "1.0.0",
    "main": "index.js",
    "license": "MIT",
    "dependencies": {
      "vm2": "^3.9.3"
    }
  }

yarn manifest: 
  No manifest

Lockfile: 
  # THIS IS AN AUTOGENERATED FILE. DO NOT EDIT THIS FILE DIRECTLY.
  # yarn lockfile v1
  
  
  vm2@^3.9.3:
    version "3.9.3"
    resolved "https://registry.yarnpkg.com/vm2/-/vm2-3.9.3.tgz#29917f6cc081cc43a3f580c26c5b553fd3c91f40"
    integrity sha512-smLS+18RjXYMl9joyJxMNI9l4w7biW8ilSDaVRvFBDwOH8P0BK1ognFQTpg0wyQ6wIKLTblHJvROW692L/E53Q==
